# JRE version: OpenJDK Runtime Environment (8.0_265-b01) (build 1.8.0_265-8u265-b01-0ubuntu2~18.04-b01)
# Java VM: OpenJDK 64-Bit Server VM (25.265-b01 mixed mode linux-amd64 compressed oops)
Heap:
 PSYoungGen      total 215040K, used 4608K [0x00000000eb700000, 0x00000000f9c80000, 0x0000000100000000)
  eden space 210432K, 0% used [0x00000000eb700000,0x00000000eb700000,0x00000000f8480000)
  from space 4608K, 100% used [0x00000000f9800000,0x00000000f9c80000,0x00000000f9c80000)
  to   space 10240K, 0% used [0x00000000f8e00000,0x00000000f8e00000,0x00000000f9800000)
 ParOldGen       total 42496K, used 42464K [0x00000000c2400000, 0x00000000c4d80000, 0x00000000eb700000)
  object space 42496K, 99% used [0x00000000c2400000,0x00000000c4d78108,0x00000000c4d80000)
 Metaspace       used 34742K, capacity 35190K, committed 35496K, reserved 1081344K
  class space    used 3859K, capacity 4032K, committed 4096K, reserved 1048576K
GC Heap History (10 events):
Event: 32.031 GC heap after
Heap after GC invocations=16 (full 1):
 PSYoungGen      total 138752K, used 3774K [0x00000000eb700000, 0x00000000f7700000, 0x0000000100000000)
  eden space 131072K, 0% used [0x00000000eb700000,0x00000000eb700000,0x00000000f3700000)
  from space 7680K, 49% used [0x00000000f3700000,0x00000000f3aaf810,0x00000000f3e80000)
  to   space 7168K, 0% used [0x00000000f7000000,0x00000000f7000000,0x00000000f7700000)
 ParOldGen       total 37888K, used 12808K [0x00000000c2400000, 0x00000000c4900000, 0x00000000eb700000)
  object space 37888K, 33% used [0x00000000c2400000,0x00000000c30822e8,0x00000000c4900000)
 Metaspace       used 25079K, capacity 25322K, committed 25472K, reserved 1071104K
  class space    used 2841K, capacity 2909K, committed 2944K, reserved 1048576K
}
Event: 41.402 GC heap before
{Heap before GC invocations=17 (full 1):
 PSYoungGen      total 138752K, used 134846K [0x00000000eb700000, 0x00000000f7700000, 0x0000000100000000)
  eden space 131072K, 100% used [0x00000000eb700000,0x00000000f3700000,0x00000000f3700000)
  from space 7680K, 49% used [0x00000000f3700000,0x00000000f3aaf810,0x00000000f3e80000)
  to   space 7168K, 0% used [0x00000000f7000000,0x00000000f7000000,0x00000000f7700000)
 ParOldGen       total 37888K, used 12808K [0x00000000c2400000, 0x00000000c4900000, 0x00000000eb700000)
  object space 37888K, 33% used [0x00000000c2400000,0x00000000c30822e8,0x00000000c4900000)
 Metaspace       used 26551K, capacity 26954K, committed 27264K, reserved 1073152K
  class space    used 3010K, capacity 3149K, committed 3200K, reserved 1048576K
Event: 41.432 GC heap after
Heap after GC invocations=17 (full 1):
 PSYoungGen      total 186368K, used 7142K [0x00000000eb700000, 0x00000000f7800000, 0x0000000100000000)
  eden space 179200K, 0% used [0x00000000eb700000,0x00000000eb700000,0x00000000f6600000)
  from space 7168K, 99% used [0x00000000f7000000,0x00000000f76f9b50,0x00000000f7700000)
  to   space 9216K, 0% used [0x00000000f6600000,0x00000000f6600000,0x00000000f6f00000)
 ParOldGen       total 37888K, used 15718K [0x00000000c2400000, 0x00000000c4900000, 0x00000000eb700000)
  object space 37888K, 41% used [0x00000000c2400000,0x00000000c3359a78,0x00000000c4900000)
 Metaspace       used 26551K, capacity 26954K, committed 27264K, reserved 1073152K
  class space    used 3010K, capacity 3149K, committed 3200K, reserved 1048576K
}
Event: 106.157 GC heap before
{Heap before GC invocations=18 (full 1):
 PSYoungGen      total 186368K, used 186342K [0x00000000eb700000, 0x00000000f7800000, 0x0000000100000000)
  eden space 179200K, 100% used [0x00000000eb700000,0x00000000f6600000,0x00000000f6600000)
  from space 7168K, 99% used [0x00000000f7000000,0x00000000f76f9b50,0x00000000f7700000)
  to   space 9216K, 0% used [0x00000000f6600000,0x00000000f6600000,0x00000000f6f00000)
 ParOldGen       total 37888K, used 15718K [0x00000000c2400000, 0x00000000c4900000, 0x00000000eb700000)
  object space 37888K, 41% used [0x00000000c2400000,0x00000000c3359a78,0x00000000c4900000)
 Metaspace       used 29264K, capacity 29678K, committed 30080K, reserved 1075200K
  class space    used 3280K, capacity 3411K, committed 3456K, reserved 1048576K
Event: 106.598 GC heap after
Heap after GC invocations=18 (full 1):
 PSYoungGen      total 188416K, used 6022K [0x00000000eb700000, 0x00000000fa200000, 0x0000000100000000)
  eden space 179200K, 0% used [0x00000000eb700000,0x00000000eb700000,0x00000000f6600000)
  from space 9216K, 65% used [0x00000000f6600000,0x00000000f6be1a78,0x00000000f6f00000)
  to   space 9728K, 0% used [0x00000000f9880000,0x00000000f9880000,0x00000000fa200000)
 ParOldGen       total 37888K, used 19446K [0x00000000c2400000, 0x00000000c4900000, 0x00000000eb700000)
  object space 37888K, 51% used [0x00000000c2400000,0x00000000c36fdac8,0x00000000c4900000)
 Metaspace       used 29264K, capacity 29678K, committed 30080K, reserved 1075200K
  class space    used 3280K, capacity 3411K, committed 3456K, reserved 1048576K
}
Event: 134.916 GC heap before
{Heap before GC invocations=19 (full 1):
 PSYoungGen      total 188416K, used 185222K [0x00000000eb700000, 0x00000000fa200000, 0x0000000100000000)
  eden space 179200K, 100% used [0x00000000eb700000,0x00000000f6600000,0x00000000f6600000)
  from space 9216K, 65% used [0x00000000f6600000,0x00000000f6be1a78,0x00000000f6f00000)
  to   space 9728K, 0% used [0x00000000f9880000,0x00000000f9880000,0x00000000fa200000)
 ParOldGen       total 37888K, used 19446K [0x00000000c2400000, 0x00000000c4900000, 0x00000000eb700000)
  object space 37888K, 51% used [0x00000000c2400000,0x00000000c36fdac8,0x00000000c4900000)
 Metaspace       used 31652K, capacity 32054K, committed 32512K, reserved 1077248K
  class space    used 3612K, capacity 3749K, committed 3840K, reserved 1048576K
Event: 135.124 GC heap after
Heap after GC invocations=19 (full 1):
 PSYoungGen      total 229888K, used 9248K [0x00000000eb700000, 0x00000000fa400000, 0x0000000100000000)
  eden space 220160K, 0% used [0x00000000eb700000,0x00000000eb700000,0x00000000f8e00000)
  from space 9728K, 95% used [0x00000000f9880000,0x00000000fa1881b0,0x00000000fa200000)
  to   space 10752K, 0% used [0x00000000f8e00000,0x00000000f8e00000,0x00000000f9880000)
 ParOldGen       total 37888K, used 24046K [0x00000000c2400000, 0x00000000c4900000, 0x00000000eb700000)
  object space 37888K, 63% used [0x00000000c2400000,0x00000000c3b7bae8,0x00000000c4900000)
 Metaspace       used 31652K, capacity 32054K, committed 32512K, reserved 1077248K
  class space    used 3612K, capacity 3749K, committed 3840K, reserved 1048576K
}
Event: 198.488 GC heap before
{Heap before GC invocations=20 (full 1):
 PSYoungGen      total 229888K, used 229408K [0x00000000eb700000, 0x00000000fa400000, 0x0000000100000000)
  eden space 220160K, 100% used [0x00000000eb700000,0x00000000f8e00000,0x00000000f8e00000)
  from space 9728K, 95% used [0x00000000f9880000,0x00000000fa1881b0,0x00000000fa200000)
  to   space 10752K, 0% used [0x00000000f8e00000,0x00000000f8e00000,0x00000000f9880000)
 ParOldGen       total 37888K, used 24046K [0x00000000c2400000, 0x00000000c4900000, 0x00000000eb700000)
  object space 37888K, 63% used [0x00000000c2400000,0x00000000c3b7bae8,0x00000000c4900000)
 Metaspace       used 32763K, capacity 33154K, committed 33536K, reserved 1079296K
  class space    used 3680K, capacity 3821K, committed 3840K, reserved 1048576K
Event: 198.565 GC heap after
Heap after GC invocations=20 (full 1):
 PSYoungGen      total 220672K, used 10173K [0x00000000eb700000, 0x00000000f9c80000, 0x0000000100000000)
  eden space 210432K, 0% used [0x00000000eb700000,0x00000000eb700000,0x00000000f8480000)
  from space 10240K, 99% used [0x00000000f8e00000,0x00000000f97ef780,0x00000000f9800000)
  to   space 4608K, 0% used [0x00000000f9800000,0x00000000f9800000,0x00000000f9c80000)
 ParOldGen       total 37888K, used 27079K [0x00000000c2400000, 0x00000000c4900000, 0x00000000eb700000)
  object space 37888K, 71% used [0x00000000c2400000,0x00000000c3e71f18,0x00000000c4900000)
 Metaspace       used 32763K, capacity 33154K, committed 33536K, reserved 1079296K
  class space    used 3680K, capacity 3821K, committed 3840K, reserved 1048576K
}
Event: 226.058 GC heap before
{Heap before GC invocations=21 (full 1):
 PSYoungGen      total 220672K, used 220605K [0x00000000eb700000, 0x00000000f9c80000, 0x0000000100000000)
  eden space 210432K, 100% used [0x00000000eb700000,0x00000000f8480000,0x00000000f8480000)
  from space 10240K, 99% used [0x00000000f8e00000,0x00000000f97ef780,0x00000000f9800000)
  to   space 4608K, 0% used [0x00000000f9800000,0x00000000f9800000,0x00000000f9c80000)
 ParOldGen       total 37888K, used 27079K [0x00000000c2400000, 0x00000000c4900000, 0x00000000eb700000)
  object space 37888K, 71% used [0x00000000c2400000,0x00000000c3e71f18,0x00000000c4900000)
 Metaspace       used 34742K, capacity 35190K, committed 35496K, reserved 1081344K
  class space    used 3859K, capacity 4032K, committed 4096K, reserved 1048576K

